Event ./seismograms/EQ1 Model sd_16 FM 125 68 -17 Mw 5.47 E 8.696e-02   375 ERR   0   0   0 ISO 0.00 0.00 CLVD 0.00 0.00
# Variance reduction 98.2
# MomentTensor = 2.017e+17  0.973 -0.193  0.037 -0.768 -0.415 -0.205
HA.PY     195.0/-0.20 1 1.76e-04 98  0.00 1 8.33e-05 96  0.00 1 2.50e-04 99  0.10 1 5.93e-05 99  0.10 1 2.21e-03 99  0.00
HA.QF     176.0/-0.15 1 2.67e-05 99 -0.10 1 6.17e-05 100 -0.10 1 3.47e-04 99  0.00 1 1.12e-04 99  0.00 1 3.50e-03 99 -0.10
HE.CAZ    138.0/-0.18 1 2.98e-04 98  0.20 1 3.54e-04 99  0.20 1 1.61e-03 98  0.00 1 5.87e-04 99  0.00 1 3.19e-03 100 -0.20
HE.FUC     79.0/-0.16 1 3.48e-04 100 -0.10 1 7.33e-04 99 -0.10 1 1.11e-03 99  0.00 1 3.78e-03 98  0.00 1 3.87e-04 99 -0.10
HE.GAZ    103.0/-0.17 1 2.52e-04 97  0.00 1 4.12e-04 98  0.00 1 2.00e-03 99  0.00 1 1.64e-03 99  0.00 1 4.74e-04 99  0.00
HE.HEJ    145.0/-0.20 1 8.04e-04 97  0.10 1 1.02e-03 98  0.10 1 1.65e-03 98 -0.10 1 7.01e-04 99 -0.10 1 5.69e-04 99 -0.10
HE.HUH    168.0/-0.20 1 1.78e-04 100  0.20 1 2.39e-04 100  0.20 1 5.50e-04 99 -0.20 1 3.16e-04 99 -0.20 1 3.59e-03 99 -0.20
HE.MEC    120.0/-0.18 1 6.26e-05 98  0.30 1 1.12e-04 98  0.30 1 1.25e-03 99 -0.10 1 5.80e-04 99 -0.10 1 6.69e-03 99 -0.10
HE.WUJ    171.0/-0.20 1 3.65e-05 99 -0.30 1 6.99e-05 99 -0.30 1 5.30e-04 99  0.00 1 2.17e-04 98  0.00 1 3.36e-03 99 -0.10
HE.XIH    107.0/-0.14 1 6.14e-05 96  0.00 1 9.49e-05 99  0.00 1 1.24e-03 99 -0.10 1 7.97e-04 99 -0.10 1 5.83e-03 99 -0.10
HE.ZAQ     53.0/-0.01 1 3.82e-05 87 -0.20 1 3.94e-04 99 -0.20 1 1.96e-03 98 -0.20 1 1.18e-03 99 -0.20 1 1.32e-03 100 -0.20
SD.DSH    150.0/-0.15 1 2.15e-04 97 -0.20 1 3.21e-04 98 -0.20 1 8.41e-04 98 -0.20 1 3.86e-04 98 -0.20 1 2.83e-03 100 -0.10
SD.DZH     32.0/0.03  1 2.34e-04 100 -0.10 1 9.33e-05 100 -0.10 1 2.68e-03 99 -0.10 1 2.58e-03 100 -0.10 1 1.44e-03 99 -0.50
SD.LCH     86.0/-0.16 1 2.63e-04 99 -0.10 1 5.86e-04 98 -0.10 1 6.96e-04 99 -0.10 1 2.04e-03 97 -0.10 1 4.99e-03 98 -0.10
SD.LSH    151.0/-0.18 1 5.41e-04 98  0.10 1 6.73e-04 99  0.10 1 1.39e-03 97 -0.10 1 5.57e-04 99 -0.10 1 9.67e-04 100  0.00
SD.SHH     86.0/-0.16 1 1.02e-04 100 -0.20 1 4.23e-04 99 -0.20 1 1.68e-03 99 -0.10 1 1.76e-03 98 -0.10 1 2.59e-04 98 -0.20
SD.TIA    122.0/-0.16 1 2.66e-04 98  0.20 1 5.16e-04 97  0.20 1 2.04e-03 98 -0.10 1 9.27e-04 99 -0.10 1 3.87e-03 99 -0.20
SD.XIT    185.0/-0.13 1 1.64e-04 100  0.20 1 1.65e-04 100  0.20 1 5.18e-04 98 -0.30 1 2.79e-04 99 -0.30 1 2.74e-03 99 -0.20
