Event ./seismograms/EQ1 Model sd_19 FM 125 70 -17 Mw 5.53 E 3.249e-02   375 ERR   0   0   0 ISO 0.00 0.00 CLVD 0.00 0.00
# Variance reduction 99.3
# MomentTensor = 2.449e+17  0.971 -0.218  0.008 -0.784 -0.396 -0.187
HA.PY     195.0/0.08  1 1.18e-05 100 -0.10 1 2.29e-05 99 -0.10 1 3.91e-05 99 -0.30 1 2.23e-05 98 -0.30 1 1.10e-03 100 -0.30
HA.QF     176.0/0.10  1 1.24e-05 99 -0.10 1 2.85e-05 99 -0.10 1 6.38e-05 99 -0.30 1 4.11e-05 99 -0.30 1 1.39e-03 100 -0.30
HE.CAZ    138.0/0.07  1 3.52e-04 99 -0.40 1 7.96e-04 98 -0.40 1 5.25e-04 100 -0.30 1 3.68e-04 100 -0.30 1 9.53e-04 100 -0.30
HE.FUC     79.0/0.02  1 8.63e-05 100 -0.20 1 2.64e-04 100 -0.20 1 9.11e-04 100 -0.30 1 1.23e-03 99 -0.30 1 9.01e-05 100 -0.40
HE.GAZ    103.0/0.02  1 3.04e-04 98 -0.20 1 3.91e-04 98 -0.20 1 5.16e-04 100 -0.30 1 6.23e-04 100 -0.30 1 2.01e-04 100 -0.30
HE.HEJ    145.0/0.05  1 4.29e-04 99 -0.30 1 8.36e-04 98 -0.30 1 5.24e-04 99 -0.30 1 3.56e-04 100 -0.30 1 7.77e-05 100 -0.40
HE.HUH    168.0/0.05  1 4.57e-05 100 -0.50 1 1.78e-04 100 -0.50 1 8.09e-05 100 -0.30 1 6.94e-05 100 -0.30 1 1.04e-03 100 -0.30
HE.MEC    120.0/0.01  1 1.68e-04 98 -0.40 1 2.28e-04 97 -0.40 1 3.64e-04 100 -0.30 1 2.15e-04 100 -0.30 1 2.02e-03 100 -0.20
HE.WUJ    171.0/0.06  1 1.45e-05 100 -0.20 1 3.18e-05 100 -0.20 1 1.06e-04 99 -0.30 1 4.00e-05 100 -0.30 1 1.33e-03 100 -0.30
HE.XIH    107.0/0.05  1 9.84e-05 94 -0.20 1 1.33e-04 98 -0.20 1 3.14e-04 100 -0.30 1 2.11e-04 100 -0.30 1 1.75e-03 100 -0.30
HE.ZAQ     53.0/0.01  1 5.16e-06 99 -0.10 1 3.57e-06 100 -0.10 1 3.37e-04 100 -0.20 1 2.02e-04 100 -0.20 1 8.63e-04 100 -0.20
SD.DSH    150.0/0.10  1 9.81e-05 98 -0.40 1 1.25e-04 99 -0.40 1 1.40e-04 100 -0.40 1 8.41e-05 100 -0.40 1 8.21e-04 100 -0.30
SD.DZH     32.0/-0.09 1 5.85e-05 100 -0.10 1 5.16e-04 100 -0.10 1 8.22e-04 100 -0.30 1 1.20e-03 100 -0.30 1 1.68e-05 100 -0.30
SD.LCH     86.0/0.03  1 3.90e-05 100 -0.30 1 1.32e-04 99 -0.30 1 5.64e-04 100 -0.40 1 5.37e-04 99 -0.40 1 1.54e-03 100 -0.30
SD.LSH    151.0/0.07  1 2.48e-04 99 -0.30 1 4.79e-04 99 -0.30 1 3.71e-04 99 -0.30 1 2.33e-04 100 -0.30 1 4.18e-04 100 -0.30
SD.SHH     86.0/0.03  1 1.28e-04 100 -0.20 1 1.80e-04 100 -0.20 1 4.24e-04 100 -0.40 1 5.32e-04 99 -0.40 1 1.51e-04 100 -0.30
SD.TIA    122.0/0.02  1 4.11e-04 97 -0.40 1 6.53e-04 96 -0.40 1 5.53e-04 100 -0.30 1 3.10e-04 100 -0.30 1 1.40e-03 100 -0.20
SD.XIT    185.0/0.13  1 6.80e-05 100 -0.40 1 9.17e-05 100 -0.40 1 7.70e-05 100 -0.30 1 4.58e-05 100 -0.30 1 9.12e-04 100 -0.30
