Event ./seismograms/EQ1 Model sd_18 FM 125 69 -17 Mw 5.51 E 8.041e-03   375 ERR   0   0   0 ISO 0.00 0.00 CLVD 0.00 0.00
# Variance reduction 99.8
# MomentTensor = 2.293e+17  0.971 -0.209  0.018 -0.777 -0.404 -0.194
HA.PY     195.0/-0.01 1 2.41e-05 100 -0.10 1 1.53e-05 99 -0.10 1 4.62e-05 100 -0.20 1 1.65e-05 99 -0.20 1 3.27e-04 100 -0.20
HA.QF     176.0/0.02  1 7.63e-06 99 -0.10 1 1.95e-05 100 -0.10 1 7.37e-05 100 -0.20 1 3.28e-05 100 -0.20 1 4.27e-04 100 -0.20
HE.CAZ    138.0/-0.01 1 1.11e-04 100 -0.20 1 2.02e-04 100 -0.20 1 1.97e-04 100 -0.10 1 1.05e-04 100 -0.10 1 4.58e-04 100 -0.20
HE.FUC     79.0/-0.04 1 2.85e-05 100 -0.20 1 1.14e-04 100 -0.20 1 1.72e-04 100 -0.20 1 1.64e-04 100 -0.20 1 4.62e-05 100 -0.30
HE.GAZ    103.0/-0.04 1 7.12e-05 99 -0.20 1 7.79e-05 100 -0.20 1 1.72e-04 100 -0.10 1 1.03e-04 100 -0.10 1 1.46e-04 100 -0.10
HE.HEJ    145.0/-0.03 1 6.29e-05 100 -0.20 1 1.40e-04 100 -0.20 1 1.08e-04 100 -0.20 1 4.78e-05 100 -0.20 1 1.06e-04 100 -0.30
HE.HUH    168.0/-0.04 1 6.92e-05 100 -0.20 1 1.52e-04 100 -0.20 1 1.21e-04 100 -0.30 1 8.50e-05 100 -0.30 1 5.51e-04 100 -0.30
HE.MEC    120.0/-0.05 1 7.73e-05 100 -0.20 1 9.95e-05 99 -0.20 1 3.00e-04 100 -0.30 1 1.73e-04 100 -0.30 1 6.11e-04 100 -0.20
HE.WUJ    171.0/-0.03 1 4.64e-06 100 -0.20 1 9.09e-06 100 -0.20 1 5.31e-05 100 -0.20 1 1.84e-05 100 -0.20 1 3.83e-04 100 -0.20
HE.XIH    107.0/-0.01 1 2.95e-05 98 -0.20 1 3.26e-05 100 -0.20 1 8.94e-05 100 -0.20 1 5.33e-05 100 -0.20 1 4.65e-04 100 -0.20
HE.ZAQ     53.0/-0.04 1 8.41e-06 99 -0.10 1 4.92e-05 100 -0.10 1 7.39e-05 100 -0.10 1 9.16e-05 100 -0.10 1 8.59e-04 100 -0.20
SD.DSH    150.0/0.02  1 9.19e-05 98 -0.30 1 1.32e-04 99 -0.30 1 2.25e-04 100 -0.30 1 1.44e-04 99 -0.30 1 4.99e-04 100 -0.30
SD.DZH     32.0/-0.04 1 8.69e-05 100 -0.10 1 2.29e-04 100 -0.10 1 1.85e-04 100 -0.20 1 3.83e-04 100 -0.20 1 3.03e-04 100 -0.20
SD.LCH     86.0/-0.03 1 2.97e-05 100 -0.20 1 9.47e-05 100 -0.20 1 2.09e-04 100 -0.20 1 1.55e-04 100 -0.20 1 3.61e-04 100 -0.20
SD.LSH    151.0/-0.01 1 2.39e-05 100 -0.20 1 7.47e-05 100 -0.20 1 1.29e-04 100 -0.30 1 6.34e-05 100 -0.30 1 2.16e-04 100 -0.20
SD.SHH     86.0/-0.03 1 5.07e-05 100 -0.20 1 1.15e-04 100 -0.20 1 2.76e-04 100 -0.20 1 1.82e-04 100 -0.20 1 1.14e-04 100 -0.30
SD.TIA    122.0/-0.04 1 1.06e-04 99 -0.20 1 1.50e-04 99 -0.20 1 7.80e-05 100 -0.30 1 6.27e-05 100 -0.30 1 2.98e-04 100 -0.30
SD.XIT    185.0/0.04  1 1.37e-05 100 -0.20 1 3.17e-05 100 -0.20 1 3.66e-05 100 -0.40 1 1.83e-05 100 -0.40 1 4.95e-04 100 -0.30
