Event ./seismograms/EQ1 Model sd_17 FM 125 69 -17 Mw 5.49 E 2.380e-02   375 ERR   0   0   0 ISO 0.00 0.00 CLVD 0.00 0.00
# Variance reduction 99.5
# MomentTensor = 2.149e+17  0.972 -0.202  0.026 -0.773 -0.409 -0.200
HA.PY     195.0/-0.10 1 7.56e-05 99  0.00 1 3.94e-05 98  0.00 1 1.16e-04 100 -0.10 1 2.98e-05 99 -0.10 1 6.44e-04 100 -0.10
HA.QF     176.0/-0.07 1 1.26e-05 99 -0.10 1 3.20e-05 100 -0.10 1 1.66e-04 100 -0.10 1 5.76e-05 100 -0.10 1 9.32e-04 100 -0.10
HE.CAZ    138.0/-0.10 1 9.02e-05 100  0.00 1 8.53e-05 100  0.00 1 5.46e-04 100 -0.10 1 1.94e-04 100 -0.10 1 1.02e-03 100 -0.20
HE.FUC     79.0/-0.10 1 1.20e-04 100 -0.20 1 2.62e-04 100 -0.20 1 3.69e-04 100  0.00 1 1.01e-03 99  0.00 1 1.43e-04 100 -0.20
HE.GAZ    103.0/-0.11 1 4.16e-05 100 -0.10 1 5.76e-05 100 -0.10 1 6.55e-04 100 -0.10 1 3.80e-04 100 -0.10 1 2.32e-04 100 -0.20
HE.HEJ    145.0/-0.11 1 2.32e-04 99  0.00 1 2.72e-04 99  0.00 1 4.56e-04 99 -0.10 1 2.14e-04 100 -0.10 1 2.77e-04 100 -0.10
HE.HUH    168.0/-0.12 1 1.08e-04 100  0.00 1 1.75e-04 100  0.00 1 2.81e-04 100 -0.10 1 1.66e-04 100 -0.10 1 8.92e-04 100 -0.10
HE.MEC    120.0/-0.12 1 4.33e-05 99  0.10 1 5.88e-05 99  0.10 1 5.77e-04 100 -0.10 1 2.95e-04 100 -0.10 1 1.79e-03 100 -0.10
HE.WUJ    171.0/-0.11 1 1.33e-05 100 -0.30 1 2.31e-05 100 -0.30 1 1.93e-04 100 -0.10 1 8.29e-05 99 -0.10 1 1.07e-03 100 -0.20
HE.XIH    107.0/-0.07 1 1.20e-05 99 -0.10 1 1.42e-05 100 -0.10 1 4.51e-04 100 -0.10 1 2.40e-04 100 -0.10 1 1.88e-03 100 -0.20
HE.ZAQ     53.0/-0.02 1 2.17e-05 96 -0.20 1 1.95e-04 100 -0.20 1 6.29e-04 100 -0.30 1 4.73e-04 100 -0.30 1 5.17e-04 100 -0.30
SD.DSH    150.0/-0.07 1 1.43e-04 98 -0.30 1 1.98e-04 98 -0.30 1 4.90e-04 99 -0.30 1 2.16e-04 99 -0.30 1 7.37e-04 100 -0.20
SD.DZH     32.0/0.00  1 1.42e-04 100 -0.10 1 1.16e-04 100 -0.10 1 6.11e-04 100 -0.10 1 1.16e-03 100 -0.10 1 8.35e-04 99 -0.30
SD.LCH     86.0/-0.09 1 9.68e-05 100 -0.20 1 2.40e-04 99 -0.20 1 2.94e-04 100 -0.20 1 6.89e-04 99 -0.20 1 1.42e-03 100 -0.20
SD.LSH    151.0/-0.10 1 1.50e-04 99  0.00 1 1.99e-04 100  0.00 1 4.14e-04 99 -0.20 1 1.85e-04 100 -0.20 1 3.67e-04 100 -0.10
SD.SHH     86.0/-0.09 1 3.66e-05 100 -0.20 1 1.85e-04 100 -0.20 1 7.99e-04 99 -0.20 1 6.49e-04 99 -0.20 1 1.41e-04 100 -0.20
SD.TIA    122.0/-0.10 1 6.60e-05 99  0.00 1 9.96e-05 99  0.00 1 5.16e-04 100 -0.20 1 2.72e-04 100 -0.20 1 9.81e-04 100 -0.10
SD.XIT    185.0/-0.04 1 4.64e-05 100  0.00 1 5.83e-05 100  0.00 1 1.86e-04 100 -0.20 1 7.90e-05 100 -0.20 1 6.30e-04 100 -0.20
